2025-10-17 11:43:52,090 - INFO - File processed successful.
2025-10-17 11:43:52,092 - INFO - File processed successful.
2025-10-17 11:43:52,094 - INFO - File processed successful.
2025-10-17 11:46:22,679 - INFO - File processed successful.
2025-10-17 11:46:22,681 - INFO - File processed successful.
2025-10-17 11:46:22,682 - INFO - File processed successful.
2025-10-17 12:16:14,728 - INFO - New Doctor Added : D105
2025-10-17 12:16:22,638 - INFO - All Doctors Displayed
2025-10-17 12:16:42,003 - INFO - All Patients Displayed
2025-10-17 14:36:55,121 - DEBUG - Using SelectPoller
2025-10-17 14:36:55,123 - DEBUG - Created default connection workflow <pika.adapters.utils.connection_workflow.AMQPConnectionWorkflow object at 0x0000025466ACC810>
2025-10-17 14:36:55,123 - DEBUG - Starting AMQP Connection workflow asynchronously.
2025-10-17 14:36:55,123 - DEBUG - call_later: added timeout <pika.adapters.select_connection._Timeout object at 0x0000025467E2D4E0> with deadline=223764.703 and callback=functools.partial(<bound method AMQPConnectionWorkflow._start_new_cycle_async of <pika.adapters.utils.connection_workflow.AMQPConnectionWorkflow object at 0x0000025466ACC810>>, first=True); now=223764.703; delay=0
2025-10-17 14:36:55,124 - DEBUG - Beginning a new AMQP connection workflow cycle; attempts remaining after this: 0
2025-10-17 14:36:55,124 - DEBUG - call_later: added timeout <pika.adapters.select_connection._Timeout object at 0x0000025467E2D480> with deadline=223764.703 and callback=<bound method AMQPConnectionWorkflow._try_next_config_async of <pika.adapters.utils.connection_workflow.AMQPConnectionWorkflow object at 0x0000025466ACC810>>; now=223764.703; delay=0
2025-10-17 14:36:55,124 - DEBUG - _try_next_config_async: 'localhost':5672
2025-10-17 14:36:55,134 - DEBUG - process_timeouts: invoking callback=<bound method _AddressResolver._dispatch_result of <pika.adapters.utils.selector_ioloop_adapter._AddressResolver object at 0x000002546592AB50>>
2025-10-17 14:36:55,134 - DEBUG - add_callback_threadsafe: added callback=<bound method _AddressResolver._dispatch_result of <pika.adapters.utils.selector_ioloop_adapter._AddressResolver object at 0x000002546592AB50>>
2025-10-17 14:36:55,134 - DEBUG - Invoking asynchronous getaddrinfo() completion callback; host='localhost'
2025-10-17 14:36:55,134 - DEBUG - getaddrinfo returned 2 records
2025-10-17 14:36:55,134 - DEBUG - Attempting to connect using address record (<AddressFamily.AF_INET6: 23>, <SocketKind.SOCK_STREAM: 1>, 6, '', ('::1', 5672, 0, 0))
2025-10-17 14:36:55,135 - INFO - Pika version 1.3.2 connecting to ('::1', 5672, 0, 0)
2025-10-17 14:36:55,135 - DEBUG - add_callback_threadsafe: added callback=<bound method _AsyncSocketConnector._start_async of <pika.adapters.utils.io_services_utils._AsyncSocketConnector object at 0x00000254664BCA10>>
2025-10-17 14:36:55,135 - DEBUG - call_later: added timeout <pika.adapters.select_connection._Timeout object at 0x0000025467E2D360> with deadline=223774.718 and callback=<bound method AMQPConnector._on_tcp_connection_timeout of <pika.adapters.utils.connection_workflow.AMQPConnector object at 0x0000025465690590>>; now=223764.718; delay=10.0
2025-10-17 14:36:55,135 - DEBUG - call_later: added timeout <pika.adapters.select_connection._Timeout object at 0x0000025467E2E2C0> with deadline=223779.718 and callback=<bound method AMQPConnector._on_overall_timeout of <pika.adapters.utils.connection_workflow.AMQPConnector object at 0x0000025465690590>>; now=223764.718; delay=15.0
2025-10-17 14:36:55,135 - DEBUG - process_timeouts: invoking callback=<bound method _AsyncSocketConnector._start_async of <pika.adapters.utils.io_services_utils._AsyncSocketConnector object at 0x00000254664BCA10>>
2025-10-17 14:36:55,136 - DEBUG - SelectorIOServicesAdapter.set_writer(1644, <bound method _AsyncSocketConnector._on_writable of <pika.adapters.utils.io_services_utils._AsyncSocketConnector object at 0x00000254664BCA10>>)
2025-10-17 14:36:55,136 - DEBUG - set_writer(1644, _) added handler Wr
2025-10-17 14:36:55,136 - DEBUG - Connection-establishment is in progress for <socket.socket fd=1644, family=23, type=1, proto=6, laddr=('::1', 56767, 0, 0), raddr=('::1', 5672, 0, 0)>.
2025-10-17 14:36:55,136 - INFO - Socket connected: <socket.socket fd=1644, family=23, type=1, proto=6, laddr=('::1', 56767, 0, 0), raddr=('::1', 5672, 0, 0)>
2025-10-17 14:36:55,136 - DEBUG - _AsyncSocketConnector._report_completion(None); <socket.socket fd=1644, family=23, type=1, proto=6, laddr=('::1', 56767, 0, 0), raddr=('::1', 5672, 0, 0)>
2025-10-17 14:36:55,136 - DEBUG - SelectorIOServicesAdapter.remove_writer(1644)
2025-10-17 14:36:55,136 - DEBUG - remove_writer(1644) removed handler
2025-10-17 14:36:55,136 - DEBUG - remove_timeout: removing timeout <pika.adapters.select_connection._Timeout object at 0x0000025467E2D360> with deadline=223774.718 and callback=<bound method AMQPConnector._on_tcp_connection_timeout of <pika.adapters.utils.connection_workflow.AMQPConnector object at 0x0000025465690590>>
2025-10-17 14:36:55,137 - DEBUG - TCP connection to broker established: <socket.socket fd=1644, family=23, type=1, proto=6, laddr=('::1', 56767, 0, 0), raddr=('::1', 5672, 0, 0)>.
2025-10-17 14:36:55,137 - DEBUG - _AsyncStreamConnector.start(); <socket.socket fd=1644, family=23, type=1, proto=6, laddr=('::1', 56767, 0, 0), raddr=('::1', 5672, 0, 0)>
2025-10-17 14:36:55,137 - DEBUG - add_callback_threadsafe: added callback=<bound method _AsyncStreamConnector._start_async of <pika.adapters.utils.io_services_utils._AsyncStreamConnector object at 0x0000025465495010>>
2025-10-17 14:36:55,137 - DEBUG - process_timeouts: invoking callback=<bound method _AsyncStreamConnector._start_async of <pika.adapters.utils.io_services_utils._AsyncStreamConnector object at 0x0000025465495010>>
2025-10-17 14:36:55,137 - DEBUG - _AsyncStreamConnector._start_async(); <socket.socket fd=1644, family=23, type=1, proto=6, laddr=('::1', 56767, 0, 0), raddr=('::1', 5672, 0, 0)>
2025-10-17 14:36:55,137 - DEBUG - _AsyncStreamConnector._linkup()
2025-10-17 14:36:55,137 - DEBUG - New Connection state: CLOSED (prev=CLOSED)
2025-10-17 14:36:55,137 - DEBUG - Added: {'callback': <bound method Connection._on_connection_start of <SelectConnection CLOSED transport=None params=<ConnectionParameters host=localhost port=5672 virtual_host=/ ssl=False>>>, 'one_shot': True, 'only': None, 'arguments': None, 'calls': 1}
2025-10-17 14:36:55,138 - DEBUG - Added: {'callback': <bound method Connection._on_connection_close_from_broker of <SelectConnection CLOSED transport=None params=<ConnectionParameters host=localhost port=5672 virtual_host=/ ssl=False>>>, 'one_shot': True, 'only': None, 'arguments': None, 'calls': 1}
2025-10-17 14:36:55,138 - DEBUG - Added: {'callback': <bound method Connection._default_on_connection_error of <SelectConnection CLOSED transport=None params=<ConnectionParameters host=localhost port=5672 virtual_host=/ ssl=False>>>, 'one_shot': False, 'only': None, 'arguments': None}
2025-10-17 14:36:55,138 - DEBUG - New Connection state: INIT (prev=CLOSED)
2025-10-17 14:36:55,138 - DEBUG - Using external connection workflow.
2025-10-17 14:36:55,138 - DEBUG - _AsyncTransportBase.__init__: <socket.socket fd=1644, family=23, type=1, proto=6, laddr=('::1', 56767, 0, 0), raddr=('::1', 5672, 0, 0)>
2025-10-17 14:36:55,138 - DEBUG - SelectorIOServicesAdapter.set_reader(1644, <bound method _AsyncPlaintextTransport._on_socket_readable of <pika.adapters.utils.io_services_utils._AsyncPlaintextTransport object at 0x0000025467E30950>>)
2025-10-17 14:36:55,138 - DEBUG - set_reader(1644, _) added handler Rd
2025-10-17 14:36:55,138 - DEBUG - _linkup(): created transport <pika.adapters.utils.io_services_utils._AsyncPlaintextTransport object at 0x0000025467E30950>
2025-10-17 14:36:55,138 - DEBUG - New Connection state: PROTOCOL (prev=INIT)
2025-10-17 14:36:55,138 - DEBUG - SelectorIOServicesAdapter.set_writer(1644, <bound method _AsyncPlaintextTransport._on_socket_writable of <pika.adapters.utils.io_services_utils._AsyncPlaintextTransport object at 0x0000025467E30950>>)
2025-10-17 14:36:55,138 - DEBUG - set_writer(1644, _) updated handler RdWr
2025-10-17 14:36:55,139 - DEBUG - Turned on writability watcher: <socket.socket fd=1644, family=23, type=1, proto=6, laddr=('::1', 56767, 0, 0), raddr=('::1', 5672, 0, 0)>
2025-10-17 14:36:55,139 - DEBUG - _linkup(): introduced transport to protocol <pika.adapters.utils.io_services_utils._AsyncPlaintextTransport object at 0x0000025467E30950>; _StreamingProtocolShim: <SelectConnection PROTOCOL transport=<pika.adapters.utils.io_services_utils._AsyncPlaintextTransport object at 0x0000025467E30950> params=<ConnectionParameters host=localhost port=5672 virtual_host=/ ssl=False>>
2025-10-17 14:36:55,139 - DEBUG - _AsyncStreamConnector._report_completion((<pika.adapters.utils.io_services_utils._AsyncPlaintextTransport object at 0x0000025467E30950>, _StreamingProtocolShim: <SelectConnection PROTOCOL transport=<pika.adapters.utils.io_services_utils._AsyncPlaintextTransport object at 0x0000025467E30950> params=<ConnectionParameters host=localhost port=5672 virtual_host=/ ssl=False>>)); <socket.socket fd=1644, family=23, type=1, proto=6, laddr=('::1', 56767, 0, 0), raddr=('::1', 5672, 0, 0)>
2025-10-17 14:36:55,139 - INFO - Streaming transport linked up: (<pika.adapters.utils.io_services_utils._AsyncPlaintextTransport object at 0x0000025467E30950>, _StreamingProtocolShim: <SelectConnection PROTOCOL transport=<pika.adapters.utils.io_services_utils._AsyncPlaintextTransport object at 0x0000025467E30950> params=<ConnectionParameters host=localhost port=5672 virtual_host=/ ssl=False>>).
2025-10-17 14:36:55,139 - DEBUG - Removing callback #0: {'callback': <bound method Connection._default_on_connection_error of <SelectConnection PROTOCOL transport=<pika.adapters.utils.io_services_utils._AsyncPlaintextTransport object at 0x0000025467E30950> params=<ConnectionParameters host=localhost port=5672 virtual_host=/ ssl=False>>>, 'one_shot': False, 'only': None, 'arguments': None}
2025-10-17 14:36:55,139 - DEBUG - Added: {'callback': <bound method AMQPConnector._on_amqp_handshake_done of <pika.adapters.utils.connection_workflow.AMQPConnector object at 0x0000025465690590>>, 'one_shot': False, 'only': None, 'arguments': None}
2025-10-17 14:36:55,139 - DEBUG - Added: {'callback': <bound method AMQPConnector._on_amqp_handshake_done of <pika.adapters.utils.connection_workflow.AMQPConnector object at 0x0000025465690590>>, 'one_shot': False, 'only': None, 'arguments': None}
2025-10-17 14:36:55,139 - DEBUG - _AsyncStreamConnector._cleanup(False)
2025-10-17 14:36:55,139 - DEBUG - SelectorIOServicesAdapter.remove_writer(1644)
2025-10-17 14:36:55,140 - DEBUG - remove_writer(1644) updated handler Rd
2025-10-17 14:36:55,140 - DEBUG - Turned off writability watcher: <socket.socket fd=1644, family=23, type=1, proto=6, laddr=('::1', 56767, 0, 0), raddr=('::1', 5672, 0, 0)>
2025-10-17 14:36:55,143 - DEBUG - Processing 0:Connection.Start
2025-10-17 14:36:55,143 - DEBUG - Processing use of oneshot callback
2025-10-17 14:36:55,143 - DEBUG - 0 registered uses left
2025-10-17 14:36:55,143 - DEBUG - Removing callback #0: {'callback': <bound method Connection._on_connection_start of <SelectConnection PROTOCOL transport=<pika.adapters.utils.io_services_utils._AsyncPlaintextTransport object at 0x0000025467E30950> params=<ConnectionParameters host=localhost port=5672 virtual_host=/ ssl=False>>>, 'one_shot': True, 'only': None, 'arguments': None, 'calls': 0}
2025-10-17 14:36:55,143 - DEBUG - Calling <bound method Connection._on_connection_start of <SelectConnection PROTOCOL transport=<pika.adapters.utils.io_services_utils._AsyncPlaintextTransport object at 0x0000025467E30950> params=<ConnectionParameters host=localhost port=5672 virtual_host=/ ssl=False>>> for "0:Connection.Start"
2025-10-17 14:36:55,143 - DEBUG - New Connection state: START (prev=PROTOCOL)
2025-10-17 14:36:55,143 - DEBUG - Added: {'callback': <bound method Connection._on_connection_tune of <SelectConnection START transport=<pika.adapters.utils.io_services_utils._AsyncPlaintextTransport object at 0x0000025467E30950> params=<ConnectionParameters host=localhost port=5672 virtual_host=/ ssl=False>>>, 'one_shot': True, 'only': None, 'arguments': None, 'calls': 1}
2025-10-17 14:36:55,144 - DEBUG - SelectorIOServicesAdapter.set_writer(1644, <bound method _AsyncPlaintextTransport._on_socket_writable of <pika.adapters.utils.io_services_utils._AsyncPlaintextTransport object at 0x0000025467E30950>>)
2025-10-17 14:36:55,144 - DEBUG - set_writer(1644, _) updated handler RdWr
2025-10-17 14:36:55,144 - DEBUG - Turned on writability watcher: <socket.socket fd=1644, family=23, type=1, proto=6, laddr=('::1', 56767, 0, 0), raddr=('::1', 5672, 0, 0)>
2025-10-17 14:36:55,144 - DEBUG - Recv would block on <socket.socket fd=1644, family=23, type=1, proto=6, laddr=('::1', 56767, 0, 0), raddr=('::1', 5672, 0, 0)>
2025-10-17 14:36:55,144 - DEBUG - SelectorIOServicesAdapter.remove_writer(1644)
2025-10-17 14:36:55,144 - DEBUG - remove_writer(1644) updated handler Rd
2025-10-17 14:36:55,144 - DEBUG - Turned off writability watcher: <socket.socket fd=1644, family=23, type=1, proto=6, laddr=('::1', 56767, 0, 0), raddr=('::1', 5672, 0, 0)>
2025-10-17 14:36:55,144 - DEBUG - Processing 0:Connection.Tune
2025-10-17 14:36:55,144 - DEBUG - Processing use of oneshot callback
2025-10-17 14:36:55,145 - DEBUG - 0 registered uses left
2025-10-17 14:36:55,145 - DEBUG - Removing callback #0: {'callback': <bound method Connection._on_connection_tune of <SelectConnection START transport=<pika.adapters.utils.io_services_utils._AsyncPlaintextTransport object at 0x0000025467E30950> params=<ConnectionParameters host=localhost port=5672 virtual_host=/ ssl=False>>>, 'one_shot': True, 'only': None, 'arguments': None, 'calls': 0}
2025-10-17 14:36:55,145 - DEBUG - Calling <bound method Connection._on_connection_tune of <SelectConnection START transport=<pika.adapters.utils.io_services_utils._AsyncPlaintextTransport object at 0x0000025467E30950> params=<ConnectionParameters host=localhost port=5672 virtual_host=/ ssl=False>>> for "0:Connection.Tune"
2025-10-17 14:36:55,145 - DEBUG - New Connection state: TUNE (prev=START)
2025-10-17 14:36:55,145 - DEBUG - Creating a HeartbeatChecker: 60
2025-10-17 14:36:55,145 - DEBUG - timeout: 60.000000 send_interval: 30.000000 check_interval: 65.000000
2025-10-17 14:36:55,145 - DEBUG - call_later: added timeout <pika.adapters.select_connection._Timeout object at 0x0000025467E2FC10> with deadline=223794.734 and callback=<bound method HeartbeatChecker._send_heartbeat of <pika.heartbeat.HeartbeatChecker object at 0x0000025462E02F90>>; now=223764.734; delay=30.0
2025-10-17 14:36:55,145 - DEBUG - call_later: added timeout <pika.adapters.select_connection._Timeout object at 0x0000025467E2F7C0> with deadline=223829.734 and callback=<bound method HeartbeatChecker._check_heartbeat of <pika.heartbeat.HeartbeatChecker object at 0x0000025462E02F90>>; now=223764.734; delay=65
2025-10-17 14:36:55,145 - DEBUG - SelectorIOServicesAdapter.set_writer(1644, <bound method _AsyncPlaintextTransport._on_socket_writable of <pika.adapters.utils.io_services_utils._AsyncPlaintextTransport object at 0x0000025467E30950>>)
2025-10-17 14:36:55,145 - DEBUG - set_writer(1644, _) updated handler RdWr
2025-10-17 14:36:55,145 - DEBUG - Turned on writability watcher: <socket.socket fd=1644, family=23, type=1, proto=6, laddr=('::1', 56767, 0, 0), raddr=('::1', 5672, 0, 0)>
2025-10-17 14:36:55,146 - DEBUG - Added: {'callback': <bound method Connection._on_connection_open_ok of <SelectConnection TUNE transport=<pika.adapters.utils.io_services_utils._AsyncPlaintextTransport object at 0x0000025467E30950> params=<ConnectionParameters host=localhost port=5672 virtual_host=/ ssl=False>>>, 'one_shot': True, 'only': None, 'arguments': None, 'calls': 1}
2025-10-17 14:36:55,146 - DEBUG - Recv would block on <socket.socket fd=1644, family=23, type=1, proto=6, laddr=('::1', 56767, 0, 0), raddr=('::1', 5672, 0, 0)>
2025-10-17 14:36:55,146 - DEBUG - SelectorIOServicesAdapter.remove_writer(1644)
2025-10-17 14:36:55,146 - DEBUG - remove_writer(1644) updated handler Rd
2025-10-17 14:36:55,146 - DEBUG - Turned off writability watcher: <socket.socket fd=1644, family=23, type=1, proto=6, laddr=('::1', 56767, 0, 0), raddr=('::1', 5672, 0, 0)>
2025-10-17 14:36:55,146 - DEBUG - Processing 0:Connection.OpenOk
2025-10-17 14:36:55,146 - DEBUG - Processing use of oneshot callback
2025-10-17 14:36:55,146 - DEBUG - 0 registered uses left
2025-10-17 14:36:55,146 - DEBUG - Removing callback #0: {'callback': <bound method Connection._on_connection_open_ok of <SelectConnection TUNE transport=<pika.adapters.utils.io_services_utils._AsyncPlaintextTransport object at 0x0000025467E30950> params=<ConnectionParameters host=localhost port=5672 virtual_host=/ ssl=False>>>, 'one_shot': True, 'only': None, 'arguments': None, 'calls': 0}
2025-10-17 14:36:55,147 - DEBUG - Calling <bound method Connection._on_connection_open_ok of <SelectConnection TUNE transport=<pika.adapters.utils.io_services_utils._AsyncPlaintextTransport object at 0x0000025467E30950> params=<ConnectionParameters host=localhost port=5672 virtual_host=/ ssl=False>>> for "0:Connection.OpenOk"
2025-10-17 14:36:55,147 - DEBUG - New Connection state: OPEN (prev=TUNE)
2025-10-17 14:36:55,147 - DEBUG - Processing 0:_on_connection_open_ok
2025-10-17 14:36:55,147 - DEBUG - Calling <bound method AMQPConnector._on_amqp_handshake_done of <pika.adapters.utils.connection_workflow.AMQPConnector object at 0x0000025465690590>> for "0:_on_connection_open_ok"
2025-10-17 14:36:55,147 - DEBUG - AMQPConnector: AMQP handshake attempt completed; state=3; error=None; 'localhost'/(<AddressFamily.AF_INET6: 23>, <SocketKind.SOCK_STREAM: 1>, 6, '', ('::1', 5672, 0, 0))
2025-10-17 14:36:55,147 - DEBUG - AMQPConnector: AMQP connection established for 'localhost'/(<AddressFamily.AF_INET6: 23>, <SocketKind.SOCK_STREAM: 1>, 6, '', ('::1', 5672, 0, 0)): <SelectConnection OPEN transport=<pika.adapters.utils.io_services_utils._AsyncPlaintextTransport object at 0x0000025467E30950> params=<ConnectionParameters host=localhost port=5672 virtual_host=/ ssl=False>>
2025-10-17 14:36:55,147 - INFO - AMQPConnector - reporting success: <SelectConnection OPEN transport=<pika.adapters.utils.io_services_utils._AsyncPlaintextTransport object at 0x0000025467E30950> params=<ConnectionParameters host=localhost port=5672 virtual_host=/ ssl=False>>
2025-10-17 14:36:55,147 - DEBUG - remove_timeout: removing timeout <pika.adapters.select_connection._Timeout object at 0x0000025467E2E2C0> with deadline=223779.718 and callback=<bound method AMQPConnector._on_overall_timeout of <pika.adapters.utils.connection_workflow.AMQPConnector object at 0x0000025465690590>>
2025-10-17 14:36:55,147 - DEBUG - Connection attempt completed with <SelectConnection OPEN transport=<pika.adapters.utils.io_services_utils._AsyncPlaintextTransport object at 0x0000025467E30950> params=<ConnectionParameters host=localhost port=5672 virtual_host=/ ssl=False>>
2025-10-17 14:36:55,148 - INFO - AMQPConnectionWorkflow - reporting success: <SelectConnection OPEN transport=<pika.adapters.utils.io_services_utils._AsyncPlaintextTransport object at 0x0000025467E30950> params=<ConnectionParameters host=localhost port=5672 virtual_host=/ ssl=False>>
2025-10-17 14:36:55,148 - DEBUG - Recv would block on <socket.socket fd=1644, family=23, type=1, proto=6, laddr=('::1', 56767, 0, 0), raddr=('::1', 5672, 0, 0)>
2025-10-17 14:36:55,148 - INFO - Connection workflow succeeded: <SelectConnection OPEN transport=<pika.adapters.utils.io_services_utils._AsyncPlaintextTransport object at 0x0000025467E30950> params=<ConnectionParameters host=localhost port=5672 virtual_host=/ ssl=False>>
2025-10-17 14:36:55,148 - DEBUG - Added: {'callback': <bound method _CallbackResult.set_value_once of <pika.adapters.blocking_connection._CallbackResult object at 0x0000025462E10B40>>, 'one_shot': False, 'only': None, 'arguments': None}
2025-10-17 14:36:55,148 - DEBUG - Creating channel 1
2025-10-17 14:36:55,148 - DEBUG - Added: {'callback': <bound method Connection._on_channel_cleanup of <SelectConnection OPEN transport=<pika.adapters.utils.io_services_utils._AsyncPlaintextTransport object at 0x0000025467E30950> params=<ConnectionParameters host=localhost port=5672 virtual_host=/ ssl=False>>>, 'one_shot': True, 'only': <Channel number=1 CLOSED conn=<SelectConnection OPEN transport=<pika.adapters.utils.io_services_utils._AsyncPlaintextTransport object at 0x0000025467E30950> params=<ConnectionParameters host=localhost port=5672 virtual_host=/ ssl=False>>>, 'arguments': None, 'calls': 1}
2025-10-17 14:36:55,148 - DEBUG - Added: {'callback': <bound method Channel._on_getempty of <Channel number=1 OPENING conn=<SelectConnection OPEN transport=<pika.adapters.utils.io_services_utils._AsyncPlaintextTransport object at 0x0000025467E30950> params=<ConnectionParameters host=localhost port=5672 virtual_host=/ ssl=False>>>>, 'one_shot': False, 'only': None, 'arguments': None}
2025-10-17 14:36:55,148 - DEBUG - Added: {'callback': <bound method Channel._on_cancel of <Channel number=1 OPENING conn=<SelectConnection OPEN transport=<pika.adapters.utils.io_services_utils._AsyncPlaintextTransport object at 0x0000025467E30950> params=<ConnectionParameters host=localhost port=5672 virtual_host=/ ssl=False>>>>, 'one_shot': False, 'only': None, 'arguments': None}
2025-10-17 14:36:55,148 - DEBUG - Added: {'callback': <bound method Channel._on_flow of <Channel number=1 OPENING conn=<SelectConnection OPEN transport=<pika.adapters.utils.io_services_utils._AsyncPlaintextTransport object at 0x0000025467E30950> params=<ConnectionParameters host=localhost port=5672 virtual_host=/ ssl=False>>>>, 'one_shot': False, 'only': None, 'arguments': None}
2025-10-17 14:36:55,149 - DEBUG - Added: {'callback': <bound method Channel._on_close_from_broker of <Channel number=1 OPENING conn=<SelectConnection OPEN transport=<pika.adapters.utils.io_services_utils._AsyncPlaintextTransport object at 0x0000025467E30950> params=<ConnectionParameters host=localhost port=5672 virtual_host=/ ssl=False>>>>, 'one_shot': True, 'only': None, 'arguments': None, 'calls': 1}
2025-10-17 14:36:55,149 - DEBUG - SelectorIOServicesAdapter.set_writer(1644, <bound method _AsyncPlaintextTransport._on_socket_writable of <pika.adapters.utils.io_services_utils._AsyncPlaintextTransport object at 0x0000025467E30950>>)
2025-10-17 14:36:55,149 - DEBUG - set_writer(1644, _) updated handler RdWr
2025-10-17 14:36:55,149 - DEBUG - Turned on writability watcher: <socket.socket fd=1644, family=23, type=1, proto=6, laddr=('::1', 56767, 0, 0), raddr=('::1', 5672, 0, 0)>
2025-10-17 14:36:55,149 - DEBUG - Entering blocking state on frame <Channel.Open(['out_of_band='])>; acceptable_replies=[<class 'pika.spec.Channel.OpenOk'>]
2025-10-17 14:36:55,149 - DEBUG - Adding on_synchronous_complete callback
2025-10-17 14:36:55,149 - DEBUG - Added: {'callback': <bound method Channel._on_synchronous_complete of <Channel number=1 OPENING conn=<SelectConnection OPEN transport=<pika.adapters.utils.io_services_utils._AsyncPlaintextTransport object at 0x0000025467E30950> params=<ConnectionParameters host=localhost port=5672 virtual_host=/ ssl=False>>>>, 'one_shot': True, 'only': None, 'arguments': None, 'calls': 1}
2025-10-17 14:36:55,149 - DEBUG - Adding passed-in RPC response callback
2025-10-17 14:36:55,149 - DEBUG - Added: {'callback': <bound method Channel._on_openok of <Channel number=1 OPENING conn=<SelectConnection OPEN transport=<pika.adapters.utils.io_services_utils._AsyncPlaintextTransport object at 0x0000025467E30950> params=<ConnectionParameters host=localhost port=5672 virtual_host=/ ssl=False>>>>, 'one_shot': True, 'only': None, 'arguments': None, 'calls': 1}
2025-10-17 14:36:55,149 - DEBUG - Added: {'callback': <bound method BlockingChannel._on_consumer_cancelled_by_broker of <BlockingChannel impl=<Channel number=1 OPENING conn=<SelectConnection OPEN transport=<pika.adapters.utils.io_services_utils._AsyncPlaintextTransport object at 0x0000025467E30950> params=<ConnectionParameters host=localhost port=5672 virtual_host=/ ssl=False>>>>>, 'one_shot': False, 'only': None, 'arguments': None}
2025-10-17 14:36:55,149 - DEBUG - Added: {'callback': <bound method _CallbackResult.signal_once of <pika.adapters.blocking_connection._CallbackResult object at 0x0000025467E32480>>, 'one_shot': False, 'only': None, 'arguments': None}
2025-10-17 14:36:55,149 - DEBUG - Added: {'callback': <bound method BlockingChannel._on_channel_closed of <BlockingChannel impl=<Channel number=1 OPENING conn=<SelectConnection OPEN transport=<pika.adapters.utils.io_services_utils._AsyncPlaintextTransport object at 0x0000025467E30950> params=<ConnectionParameters host=localhost port=5672 virtual_host=/ ssl=False>>>>>, 'one_shot': False, 'only': <Channel number=1 OPENING conn=<SelectConnection OPEN transport=<pika.adapters.utils.io_services_utils._AsyncPlaintextTransport object at 0x0000025467E30950> params=<ConnectionParameters host=localhost port=5672 virtual_host=/ ssl=False>>>, 'arguments': None}
2025-10-17 14:36:55,150 - DEBUG - Added: {'callback': <bound method _CallbackResult.set_value_once of <pika.adapters.blocking_connection._CallbackResult object at 0x0000025467E32580>>, 'one_shot': False, 'only': None, 'arguments': None}
2025-10-17 14:36:55,150 - INFO - Created channel=1
2025-10-17 14:36:55,150 - DEBUG - SelectorIOServicesAdapter.remove_writer(1644)
2025-10-17 14:36:55,150 - DEBUG - remove_writer(1644) updated handler Rd
2025-10-17 14:36:55,150 - DEBUG - Turned off writability watcher: <socket.socket fd=1644, family=23, type=1, proto=6, laddr=('::1', 56767, 0, 0), raddr=('::1', 5672, 0, 0)>
2025-10-17 14:36:55,151 - DEBUG - Processing 1:Channel.OpenOk
2025-10-17 14:36:55,151 - DEBUG - Processing use of oneshot callback
2025-10-17 14:36:55,151 - DEBUG - 0 registered uses left
2025-10-17 14:36:55,151 - DEBUG - Removing callback #0: {'callback': <bound method Channel._on_synchronous_complete of <Channel number=1 OPENING conn=<SelectConnection OPEN transport=<pika.adapters.utils.io_services_utils._AsyncPlaintextTransport object at 0x0000025467E30950> params=<ConnectionParameters host=localhost port=5672 virtual_host=/ ssl=False>>>>, 'one_shot': True, 'only': None, 'arguments': None, 'calls': 0}
2025-10-17 14:36:55,151 - DEBUG - Processing use of oneshot callback
2025-10-17 14:36:55,151 - DEBUG - 0 registered uses left
2025-10-17 14:36:55,151 - DEBUG - Removing callback #0: {'callback': <bound method Channel._on_openok of <Channel number=1 OPENING conn=<SelectConnection OPEN transport=<pika.adapters.utils.io_services_utils._AsyncPlaintextTransport object at 0x0000025467E30950> params=<ConnectionParameters host=localhost port=5672 virtual_host=/ ssl=False>>>>, 'one_shot': True, 'only': None, 'arguments': None, 'calls': 0}
2025-10-17 14:36:55,151 - DEBUG - Calling <bound method Channel._on_synchronous_complete of <Channel number=1 OPENING conn=<SelectConnection OPEN transport=<pika.adapters.utils.io_services_utils._AsyncPlaintextTransport object at 0x0000025467E30950> params=<ConnectionParameters host=localhost port=5672 virtual_host=/ ssl=False>>>> for "1:Channel.OpenOk"
2025-10-17 14:36:55,152 - DEBUG - 0 blocked frames
2025-10-17 14:36:55,152 - DEBUG - Calling <bound method Channel._on_openok of <Channel number=1 OPENING conn=<SelectConnection OPEN transport=<pika.adapters.utils.io_services_utils._AsyncPlaintextTransport object at 0x0000025467E30950> params=<ConnectionParameters host=localhost port=5672 virtual_host=/ ssl=False>>>> for "1:Channel.OpenOk"
2025-10-17 14:36:55,152 - DEBUG - Recv would block on <socket.socket fd=1644, family=23, type=1, proto=6, laddr=('::1', 56767, 0, 0), raddr=('::1', 5672, 0, 0)>
2025-10-17 14:36:55,152 - DEBUG - SelectorIOServicesAdapter.set_writer(1644, <bound method _AsyncPlaintextTransport._on_socket_writable of <pika.adapters.utils.io_services_utils._AsyncPlaintextTransport object at 0x0000025467E30950>>)
2025-10-17 14:36:55,152 - DEBUG - set_writer(1644, _) updated handler RdWr
2025-10-17 14:36:55,152 - DEBUG - Turned on writability watcher: <socket.socket fd=1644, family=23, type=1, proto=6, laddr=('::1', 56767, 0, 0), raddr=('::1', 5672, 0, 0)>
2025-10-17 14:36:55,152 - DEBUG - Entering blocking state on frame <Basic.Consume(['arguments={}', 'consumer_tag=ctag1.65916272142643b885bf926cc507b6b8', 'exclusive=False', 'no_ack=True', 'no_local=False', 'nowait=False', 'queue=visit_tasks', 'ticket=0'])>; acceptable_replies=[(<class 'pika.spec.Basic.ConsumeOk'>, {'consumer_tag': 'ctag1.65916272142643b885bf926cc507b6b8'})]
2025-10-17 14:36:55,152 - DEBUG - Adding on_synchronous_complete callback
2025-10-17 14:36:55,152 - DEBUG - Added: {'callback': <bound method Channel._on_synchronous_complete of <Channel number=1 OPEN conn=<SelectConnection OPEN transport=<pika.adapters.utils.io_services_utils._AsyncPlaintextTransport object at 0x0000025467E30950> params=<ConnectionParameters host=localhost port=5672 virtual_host=/ ssl=False>>>>, 'one_shot': True, 'only': None, 'arguments': {'consumer_tag': 'ctag1.65916272142643b885bf926cc507b6b8'}, 'calls': 1}
2025-10-17 14:36:55,152 - DEBUG - Adding passed-in RPC response callback
2025-10-17 14:36:55,153 - DEBUG - Added: {'callback': <bound method Channel._on_eventok of <Channel number=1 OPEN conn=<SelectConnection OPEN transport=<pika.adapters.utils.io_services_utils._AsyncPlaintextTransport object at 0x0000025467E30950> params=<ConnectionParameters host=localhost port=5672 virtual_host=/ ssl=False>>>>, 'one_shot': True, 'only': None, 'arguments': {'consumer_tag': 'ctag1.65916272142643b885bf926cc507b6b8'}, 'calls': 1}
2025-10-17 14:36:55,153 - DEBUG - SelectorIOServicesAdapter.remove_writer(1644)
2025-10-17 14:36:55,153 - DEBUG - remove_writer(1644) updated handler Rd
2025-10-17 14:36:55,153 - DEBUG - Turned off writability watcher: <socket.socket fd=1644, family=23, type=1, proto=6, laddr=('::1', 56767, 0, 0), raddr=('::1', 5672, 0, 0)>
2025-10-17 14:36:55,159 - DEBUG - Processing 1:Basic.ConsumeOk
2025-10-17 14:36:55,159 - DEBUG - Processing use of oneshot callback
2025-10-17 14:36:55,160 - DEBUG - 0 registered uses left
2025-10-17 14:36:55,160 - DEBUG - Comparing {'consumer_tag': 'ctag1.65916272142643b885bf926cc507b6b8'} to {'consumer_tag': 'ctag1.65916272142643b885bf926cc507b6b8'}
2025-10-17 14:36:55,160 - DEBUG - Removing callback #1: {'callback': <bound method Channel._on_synchronous_complete of <Channel number=1 OPEN conn=<SelectConnection OPEN transport=<pika.adapters.utils.io_services_utils._AsyncPlaintextTransport object at 0x0000025467E30950> params=<ConnectionParameters host=localhost port=5672 virtual_host=/ ssl=False>>>>, 'one_shot': True, 'only': None, 'arguments': {'consumer_tag': 'ctag1.65916272142643b885bf926cc507b6b8'}, 'calls': 0}
2025-10-17 14:36:55,160 - DEBUG - Processing use of oneshot callback
2025-10-17 14:36:55,160 - DEBUG - 0 registered uses left
2025-10-17 14:36:55,160 - DEBUG - Comparing {'consumer_tag': 'ctag1.65916272142643b885bf926cc507b6b8'} to {'consumer_tag': 'ctag1.65916272142643b885bf926cc507b6b8'}
2025-10-17 14:36:55,160 - DEBUG - Removing callback #1: {'callback': <bound method Channel._on_eventok of <Channel number=1 OPEN conn=<SelectConnection OPEN transport=<pika.adapters.utils.io_services_utils._AsyncPlaintextTransport object at 0x0000025467E30950> params=<ConnectionParameters host=localhost port=5672 virtual_host=/ ssl=False>>>>, 'one_shot': True, 'only': None, 'arguments': {'consumer_tag': 'ctag1.65916272142643b885bf926cc507b6b8'}, 'calls': 0}
2025-10-17 14:36:55,160 - DEBUG - Calling <bound method _CallbackResult.signal_once of <pika.adapters.blocking_connection._CallbackResult object at 0x0000025467E32480>> for "1:Basic.ConsumeOk"
2025-10-17 14:36:55,160 - DEBUG - Calling <bound method Channel._on_synchronous_complete of <Channel number=1 OPEN conn=<SelectConnection OPEN transport=<pika.adapters.utils.io_services_utils._AsyncPlaintextTransport object at 0x0000025467E30950> params=<ConnectionParameters host=localhost port=5672 virtual_host=/ ssl=False>>>> for "1:Basic.ConsumeOk"
2025-10-17 14:36:55,160 - DEBUG - 0 blocked frames
2025-10-17 14:36:55,160 - DEBUG - Calling <bound method Channel._on_eventok of <Channel number=1 OPEN conn=<SelectConnection OPEN transport=<pika.adapters.utils.io_services_utils._AsyncPlaintextTransport object at 0x0000025467E30950> params=<ConnectionParameters host=localhost port=5672 virtual_host=/ ssl=False>>>> for "1:Basic.ConsumeOk"
2025-10-17 14:36:55,160 - DEBUG - Discarding frame <METHOD(['channel_number=1', 'frame_type=1', "method=<Basic.ConsumeOk(['consumer_tag=ctag1.65916272142643b885bf926cc507b6b8'])>"])>
2025-10-17 14:36:55,161 - DEBUG - Recv would block on <socket.socket fd=1644, family=23, type=1, proto=6, laddr=('::1', 56767, 0, 0), raddr=('::1', 5672, 0, 0)>
2025-10-17 14:36:55,162 - INFO - Processed visit V001 in 0.00 seconds
2025-10-17 14:36:55,162 - INFO - Processed visit V002 in 0.00 seconds
2025-10-17 14:36:55,162 - INFO - Processed visit V003 in 0.00 seconds
2025-10-17 14:36:55,162 - INFO - Processed visit V004 in 0.00 seconds
2025-10-17 14:36:55,181 - INFO - Patients file processed successfully.
2025-10-17 14:36:55,196 - INFO - Doctors file processed successfully.
2025-10-17 14:36:55,213 - INFO - Processed visits saved to process_visits.csv
2025-10-17 14:36:55,213 - INFO - Batch processed successfully.
2025-10-17 14:36:55,213 - INFO - Processed visit V005 in 0.05 seconds
2025-10-17 14:36:55,213 - INFO - Processed visit V006 in 0.00 seconds
2025-10-17 14:37:18,604 - DEBUG - Recv would block on <socket.socket fd=1644, family=23, type=1, proto=6, laddr=('::1', 56767, 0, 0), raddr=('::1', 5672, 0, 0)>
2025-10-17 14:37:18,605 - INFO - Processed visit V001 in 0.00 seconds
2025-10-17 14:37:18,606 - DEBUG - Recv would block on <socket.socket fd=1644, family=23, type=1, proto=6, laddr=('::1', 56767, 0, 0), raddr=('::1', 5672, 0, 0)>
2025-10-17 14:37:18,607 - INFO - Processed visit V002 in 0.00 seconds
2025-10-17 14:37:18,607 - INFO - Processed visit V003 in 0.00 seconds
2025-10-17 14:37:18,607 - DEBUG - Recv would block on <socket.socket fd=1644, family=23, type=1, proto=6, laddr=('::1', 56767, 0, 0), raddr=('::1', 5672, 0, 0)>
2025-10-17 14:37:18,610 - INFO - Patients file processed successfully.
2025-10-17 14:37:18,612 - INFO - Doctors file processed successfully.
2025-10-17 14:37:18,631 - INFO - Processed visits saved to process_visits.csv
2025-10-17 14:37:18,631 - INFO - Batch processed successfully.
2025-10-17 14:37:18,631 - INFO - Processed visit V004 in 0.02 seconds
2025-10-17 14:37:18,631 - INFO - Processed visit V005 in 0.00 seconds
2025-10-17 14:37:18,631 - INFO - Processed visit V006 in 0.00 seconds
2025-10-17 14:37:25,151 - DEBUG - Sending heartbeat frame
2025-10-17 14:37:25,151 - DEBUG - Sending heartbeat frame
2025-10-17 14:37:25,151 - DEBUG - SelectorIOServicesAdapter.set_writer(1644, <bound method _AsyncPlaintextTransport._on_socket_writable of <pika.adapters.utils.io_services_utils._AsyncPlaintextTransport object at 0x0000025467E30950>>)
2025-10-17 14:37:25,151 - DEBUG - set_writer(1644, _) updated handler RdWr
2025-10-17 14:37:25,151 - DEBUG - Turned on writability watcher: <socket.socket fd=1644, family=23, type=1, proto=6, laddr=('::1', 56767, 0, 0), raddr=('::1', 5672, 0, 0)>
2025-10-17 14:37:25,151 - DEBUG - call_later: added timeout <pika.adapters.select_connection._Timeout object at 0x0000025467E2E140> with deadline=223824.734 and callback=<bound method HeartbeatChecker._send_heartbeat of <pika.heartbeat.HeartbeatChecker object at 0x0000025462E02F90>>; now=223794.734; delay=30.0
2025-10-17 14:37:25,152 - DEBUG - SelectorIOServicesAdapter.remove_writer(1644)
2025-10-17 14:37:25,152 - DEBUG - remove_writer(1644) updated handler Rd
2025-10-17 14:37:25,152 - DEBUG - Turned off writability watcher: <socket.socket fd=1644, family=23, type=1, proto=6, laddr=('::1', 56767, 0, 0), raddr=('::1', 5672, 0, 0)>
2025-10-17 14:37:25,153 - DEBUG - Received heartbeat frame
2025-10-17 14:37:25,153 - DEBUG - Recv would block on <socket.socket fd=1644, family=23, type=1, proto=6, laddr=('::1', 56767, 0, 0), raddr=('::1', 5672, 0, 0)>
2025-10-17 14:37:39,914 - DEBUG - Recv would block on <socket.socket fd=1644, family=23, type=1, proto=6, laddr=('::1', 56767, 0, 0), raddr=('::1', 5672, 0, 0)>
2025-10-17 14:37:39,919 - INFO - Processed visit V001 in 0.00 seconds
2025-10-17 14:37:39,920 - DEBUG - Recv would block on <socket.socket fd=1644, family=23, type=1, proto=6, laddr=('::1', 56767, 0, 0), raddr=('::1', 5672, 0, 0)>
2025-10-17 14:37:39,929 - INFO - Processed visit V002 in 0.01 seconds
2025-10-17 14:37:39,931 - INFO - Patients file processed successfully.
2025-10-17 14:37:39,933 - INFO - Doctors file processed successfully.
2025-10-17 14:37:39,942 - INFO - Processed visits saved to process_visits.csv
2025-10-17 14:37:39,942 - INFO - Batch processed successfully.
2025-10-17 14:37:39,943 - INFO - Processed visit V003 in 0.01 seconds
2025-10-17 14:37:39,943 - INFO - Processed visit V004 in 0.00 seconds
2025-10-17 14:37:39,943 - INFO - Processed visit V005 in 0.00 seconds
2025-10-17 14:37:39,943 - INFO - Processed visit V006 in 0.00 seconds
2025-10-17 14:37:55,167 - DEBUG - Sending heartbeat frame
2025-10-17 14:37:55,167 - DEBUG - Sending heartbeat frame
2025-10-17 14:37:55,167 - DEBUG - SelectorIOServicesAdapter.set_writer(1644, <bound method _AsyncPlaintextTransport._on_socket_writable of <pika.adapters.utils.io_services_utils._AsyncPlaintextTransport object at 0x0000025467E30950>>)
2025-10-17 14:37:55,167 - DEBUG - set_writer(1644, _) updated handler RdWr
2025-10-17 14:37:55,167 - DEBUG - Turned on writability watcher: <socket.socket fd=1644, family=23, type=1, proto=6, laddr=('::1', 56767, 0, 0), raddr=('::1', 5672, 0, 0)>
2025-10-17 14:37:55,168 - DEBUG - call_later: added timeout <pika.adapters.select_connection._Timeout object at 0x0000025467E2E170> with deadline=223854.75 and callback=<bound method HeartbeatChecker._send_heartbeat of <pika.heartbeat.HeartbeatChecker object at 0x0000025462E02F90>>; now=223824.75; delay=30.0
2025-10-17 14:37:55,168 - DEBUG - SelectorIOServicesAdapter.remove_writer(1644)
2025-10-17 14:37:55,168 - DEBUG - remove_writer(1644) updated handler Rd
2025-10-17 14:37:55,168 - DEBUG - Turned off writability watcher: <socket.socket fd=1644, family=23, type=1, proto=6, laddr=('::1', 56767, 0, 0), raddr=('::1', 5672, 0, 0)>
2025-10-17 14:38:00,153 - DEBUG - Received 1 heartbeat frames, sent 2, idle intervals 0
2025-10-17 14:38:00,153 - DEBUG - call_later: added timeout <pika.adapters.select_connection._Timeout object at 0x0000025467E2F310> with deadline=223894.734 and callback=<bound method HeartbeatChecker._check_heartbeat of <pika.heartbeat.HeartbeatChecker object at 0x0000025462E02F90>>; now=223829.734; delay=65
2025-10-17 14:38:25,181 - DEBUG - Sending heartbeat frame
2025-10-17 14:38:25,181 - DEBUG - Sending heartbeat frame
2025-10-17 14:38:25,181 - DEBUG - SelectorIOServicesAdapter.set_writer(1644, <bound method _AsyncPlaintextTransport._on_socket_writable of <pika.adapters.utils.io_services_utils._AsyncPlaintextTransport object at 0x0000025467E30950>>)
2025-10-17 14:38:25,181 - DEBUG - set_writer(1644, _) updated handler RdWr
2025-10-17 14:38:25,181 - DEBUG - Turned on writability watcher: <socket.socket fd=1644, family=23, type=1, proto=6, laddr=('::1', 56767, 0, 0), raddr=('::1', 5672, 0, 0)>
2025-10-17 14:38:25,181 - DEBUG - call_later: added timeout <pika.adapters.select_connection._Timeout object at 0x0000025467E2F970> with deadline=223884.765 and callback=<bound method HeartbeatChecker._send_heartbeat of <pika.heartbeat.HeartbeatChecker object at 0x0000025462E02F90>>; now=223854.765; delay=30.0
2025-10-17 14:38:25,182 - DEBUG - SelectorIOServicesAdapter.remove_writer(1644)
2025-10-17 14:38:25,182 - DEBUG - remove_writer(1644) updated handler Rd
2025-10-17 14:38:25,182 - DEBUG - Turned off writability watcher: <socket.socket fd=1644, family=23, type=1, proto=6, laddr=('::1', 56767, 0, 0), raddr=('::1', 5672, 0, 0)>
2025-10-17 14:38:25,182 - DEBUG - Received heartbeat frame
2025-10-17 14:38:25,182 - DEBUG - Recv would block on <socket.socket fd=1644, family=23, type=1, proto=6, laddr=('::1', 56767, 0, 0), raddr=('::1', 5672, 0, 0)>
2025-10-17 14:38:40,933 - DEBUG - Recv would block on <socket.socket fd=1644, family=23, type=1, proto=6, laddr=('::1', 56767, 0, 0), raddr=('::1', 5672, 0, 0)>
2025-10-17 14:38:40,934 - INFO - Processed visit V001 in 0.00 seconds
2025-10-17 14:38:40,935 - DEBUG - Recv would block on <socket.socket fd=1644, family=23, type=1, proto=6, laddr=('::1', 56767, 0, 0), raddr=('::1', 5672, 0, 0)>
2025-10-17 14:38:40,938 - INFO - Patients file processed successfully.
2025-10-17 14:38:40,940 - INFO - Doctors file processed successfully.
2025-10-17 14:38:40,978 - INFO - Processed visits saved to process_visits.csv
2025-10-17 14:38:40,978 - INFO - Batch processed successfully.
2025-10-17 14:38:40,978 - INFO - Processed visit V002 in 0.04 seconds
2025-10-17 14:38:40,978 - INFO - Processed visit V003 in 0.00 seconds
2025-10-17 14:38:40,979 - DEBUG - Recv would block on <socket.socket fd=1644, family=23, type=1, proto=6, laddr=('::1', 56767, 0, 0), raddr=('::1', 5672, 0, 0)>
2025-10-17 14:38:40,979 - INFO - Processed visit V004 in 0.00 seconds
2025-10-17 14:38:40,979 - INFO - Processed visit V005 in 0.00 seconds
2025-10-17 14:38:40,979 - INFO - Processed visit V006 in 0.00 seconds
2025-10-17 14:38:55,182 - DEBUG - Sending heartbeat frame
2025-10-17 14:38:55,182 - DEBUG - Sending heartbeat frame
2025-10-17 14:38:55,182 - DEBUG - SelectorIOServicesAdapter.set_writer(1644, <bound method _AsyncPlaintextTransport._on_socket_writable of <pika.adapters.utils.io_services_utils._AsyncPlaintextTransport object at 0x0000025467E30950>>)
2025-10-17 14:38:55,182 - DEBUG - set_writer(1644, _) updated handler RdWr
2025-10-17 14:38:55,182 - DEBUG - Turned on writability watcher: <socket.socket fd=1644, family=23, type=1, proto=6, laddr=('::1', 56767, 0, 0), raddr=('::1', 5672, 0, 0)>
2025-10-17 14:38:55,182 - DEBUG - call_later: added timeout <pika.adapters.select_connection._Timeout object at 0x0000025467E2E140> with deadline=223914.765 and callback=<bound method HeartbeatChecker._send_heartbeat of <pika.heartbeat.HeartbeatChecker object at 0x0000025462E02F90>>; now=223884.765; delay=30.0
2025-10-17 14:38:55,183 - DEBUG - SelectorIOServicesAdapter.remove_writer(1644)
2025-10-17 14:38:55,183 - DEBUG - remove_writer(1644) updated handler Rd
2025-10-17 14:38:55,183 - DEBUG - Turned off writability watcher: <socket.socket fd=1644, family=23, type=1, proto=6, laddr=('::1', 56767, 0, 0), raddr=('::1', 5672, 0, 0)>
2025-10-17 14:39:05,173 - DEBUG - Received 2 heartbeat frames, sent 4, idle intervals 0
2025-10-17 14:39:05,173 - DEBUG - call_later: added timeout <pika.adapters.select_connection._Timeout object at 0x0000025467E2EC50> with deadline=223959.75 and callback=<bound method HeartbeatChecker._check_heartbeat of <pika.heartbeat.HeartbeatChecker object at 0x0000025462E02F90>>; now=223894.75; delay=65
2025-10-17 14:39:25,193 - DEBUG - Sending heartbeat frame
2025-10-17 14:39:25,193 - DEBUG - Sending heartbeat frame
2025-10-17 14:39:25,193 - DEBUG - SelectorIOServicesAdapter.set_writer(1644, <bound method _AsyncPlaintextTransport._on_socket_writable of <pika.adapters.utils.io_services_utils._AsyncPlaintextTransport object at 0x0000025467E30950>>)
2025-10-17 14:39:25,193 - DEBUG - set_writer(1644, _) updated handler RdWr
2025-10-17 14:39:25,193 - DEBUG - Turned on writability watcher: <socket.socket fd=1644, family=23, type=1, proto=6, laddr=('::1', 56767, 0, 0), raddr=('::1', 5672, 0, 0)>
2025-10-17 14:39:25,193 - DEBUG - call_later: added timeout <pika.adapters.select_connection._Timeout object at 0x0000025467E2EE00> with deadline=223944.781 and callback=<bound method HeartbeatChecker._send_heartbeat of <pika.heartbeat.HeartbeatChecker object at 0x0000025462E02F90>>; now=223914.781; delay=30.0
2025-10-17 14:39:25,194 - DEBUG - SelectorIOServicesAdapter.remove_writer(1644)
2025-10-17 14:39:25,194 - DEBUG - remove_writer(1644) updated handler Rd
2025-10-17 14:39:25,194 - DEBUG - Turned off writability watcher: <socket.socket fd=1644, family=23, type=1, proto=6, laddr=('::1', 56767, 0, 0), raddr=('::1', 5672, 0, 0)>
2025-10-17 14:39:25,194 - DEBUG - Received heartbeat frame
2025-10-17 14:39:25,194 - DEBUG - Recv would block on <socket.socket fd=1644, family=23, type=1, proto=6, laddr=('::1', 56767, 0, 0), raddr=('::1', 5672, 0, 0)>
2025-10-17 14:39:55,204 - DEBUG - Sending heartbeat frame
2025-10-17 14:39:55,204 - DEBUG - Sending heartbeat frame
2025-10-17 14:39:55,204 - DEBUG - SelectorIOServicesAdapter.set_writer(1644, <bound method _AsyncPlaintextTransport._on_socket_writable of <pika.adapters.utils.io_services_utils._AsyncPlaintextTransport object at 0x0000025467E30950>>)
2025-10-17 14:39:55,204 - DEBUG - set_writer(1644, _) updated handler RdWr
2025-10-17 14:39:55,204 - DEBUG - Turned on writability watcher: <socket.socket fd=1644, family=23, type=1, proto=6, laddr=('::1', 56767, 0, 0), raddr=('::1', 5672, 0, 0)>
2025-10-17 14:39:55,204 - DEBUG - call_later: added timeout <pika.adapters.select_connection._Timeout object at 0x0000025467E2F310> with deadline=223974.781 and callback=<bound method HeartbeatChecker._send_heartbeat of <pika.heartbeat.HeartbeatChecker object at 0x0000025462E02F90>>; now=223944.781; delay=30.0
2025-10-17 14:39:55,205 - DEBUG - SelectorIOServicesAdapter.remove_writer(1644)
2025-10-17 14:39:55,205 - DEBUG - remove_writer(1644) updated handler Rd
2025-10-17 14:39:55,205 - DEBUG - Turned off writability watcher: <socket.socket fd=1644, family=23, type=1, proto=6, laddr=('::1', 56767, 0, 0), raddr=('::1', 5672, 0, 0)>
2025-10-17 14:39:55,206 - DEBUG - Received heartbeat frame
2025-10-17 14:39:55,206 - DEBUG - Recv would block on <socket.socket fd=1644, family=23, type=1, proto=6, laddr=('::1', 56767, 0, 0), raddr=('::1', 5672, 0, 0)>
2025-10-17 14:40:10,168 - DEBUG - Received 4 heartbeat frames, sent 6, idle intervals 0
2025-10-17 14:40:10,168 - DEBUG - call_later: added timeout <pika.adapters.select_connection._Timeout object at 0x0000025467E2F970> with deadline=224024.75 and callback=<bound method HeartbeatChecker._check_heartbeat of <pika.heartbeat.HeartbeatChecker object at 0x0000025462E02F90>>; now=223959.75; delay=65
2025-10-17 14:40:25,206 - DEBUG - Sending heartbeat frame
2025-10-17 14:40:25,206 - DEBUG - Sending heartbeat frame
2025-10-17 14:40:25,206 - DEBUG - SelectorIOServicesAdapter.set_writer(1644, <bound method _AsyncPlaintextTransport._on_socket_writable of <pika.adapters.utils.io_services_utils._AsyncPlaintextTransport object at 0x0000025467E30950>>)
2025-10-17 14:40:25,206 - DEBUG - set_writer(1644, _) updated handler RdWr
2025-10-17 14:40:25,206 - DEBUG - Turned on writability watcher: <socket.socket fd=1644, family=23, type=1, proto=6, laddr=('::1', 56767, 0, 0), raddr=('::1', 5672, 0, 0)>
2025-10-17 14:40:25,206 - DEBUG - call_later: added timeout <pika.adapters.select_connection._Timeout object at 0x0000025467E2E140> with deadline=224004.781 and callback=<bound method HeartbeatChecker._send_heartbeat of <pika.heartbeat.HeartbeatChecker object at 0x0000025462E02F90>>; now=223974.781; delay=30.0
2025-10-17 14:40:25,207 - DEBUG - SelectorIOServicesAdapter.remove_writer(1644)
2025-10-17 14:40:25,207 - DEBUG - remove_writer(1644) updated handler Rd
2025-10-17 14:40:25,207 - DEBUG - Turned off writability watcher: <socket.socket fd=1644, family=23, type=1, proto=6, laddr=('::1', 56767, 0, 0), raddr=('::1', 5672, 0, 0)>
2025-10-17 14:40:25,208 - DEBUG - Received heartbeat frame
2025-10-17 14:40:25,208 - DEBUG - Recv would block on <socket.socket fd=1644, family=23, type=1, proto=6, laddr=('::1', 56767, 0, 0), raddr=('::1', 5672, 0, 0)>
